2019-12-26 16:19:00 [main] INFO  TumblrPostandEditTest:94 - Running TumblrPostTest
2019-12-26 16:19:02 [main] INFO  TumblrPostandEditTest:125 - The body response is {
  "meta":{
    "status":201,
    "msg":"Created"
  },
  "response":{
    "id":"189889877719",
    "state":"published",
    "display_text":"Posted to learningautomatingapis"
  }
}
2019-12-26 16:19:02 [main] INFO  TumblrPostandEditTest:129 - The post id is 189889877719
2019-12-26 16:19:02 [main] INFO  TumblrPostandEditTest:145 - Running verifyTumblrPostTest
2019-12-26 16:19:02 [main] INFO  TumblrPostandEditTest:164 - The body response is {
  "meta":{
    "status":200,
    "msg":"OK"
  },
  "response":{
    "object_type":"post",
    "type":"blocks",
    "id":189889877719,
    "tumblelog_uuid":"t:qXeD3DbBONfNgCTmHErbKw",
    "blog_name":"learningautomatingapis",
    "blog":{
      "name":"learningautomatingapis",
      "title":"API Learning",
      "description":"",
      "url":"https://learningautomatingapis.tumblr.com/",
      "uuid":"t:qXeD3DbBONfNgCTmHErbKw",
      "updated":1577405941
    },
    "post_url":"https://learningautomatingapis.tumblr.com/post/189889877719/hello-this-is-my-second-post-from-restassured-api",
    "slug":"hello-this-is-my-second-post-from-restassured-api",
    "date":"2019-12-27 00:19:01 GMT",
    "timestamp":1577405941,
    "state":"published",
    "reblog_key":"Ccw9qFe2",
    "tags":[],
    "short_url":"https://tmblr.co/ZJJHvV2msKPRN",
    "summary":"Hello this is my second post from RestAssured api automation testing!",
    "should_open_in_legacy":false,
    "recommended_source":null,
    "recommended_color":null,
    "followed":false,
    "liked":false,
    "note_count":0,
    "content":[
      {
        "type":"text",
        "text":"Hello this is my second post from RestAssured api automation testing!"
      }
    ],
    "layout":[],
    "trail":[],
    "can_like":false,
    "can_reblog":true,
    "can_send_in_message":true,
    "muted":false
  }
}
2019-12-26 16:19:02 [main] INFO  TumblrPostandEditTest:189 - Running EditTumblrPostTest
2019-12-26 16:19:02 [main] INFO  TumblrPostandEditTest:221 - The body response is {
  "meta":{
    "status":200,
    "msg":"OK"
  },
  "response":{
    "id":"189889877719",
    "state":"published",
    "display_text":"Edited on learningautomatingapis"
  }
}
2019-12-26 16:19:02 [main] INFO  TumblrPostandEditTest:237 - Running verifyEditTumblrPostTest
2019-12-26 16:19:03 [main] INFO  TumblrPostandEditTest:256 - The body response is {
  "meta":{
    "status":200,
    "msg":"OK"
  },
  "response":{
    "object_type":"post",
    "type":"blocks",
    "id":189889877719,
    "tumblelog_uuid":"t:qXeD3DbBONfNgCTmHErbKw",
    "blog_name":"learningautomatingapis",
    "blog":{
      "name":"learningautomatingapis",
      "title":"API Learning",
      "description":"",
      "url":"https://learningautomatingapis.tumblr.com/",
      "uuid":"t:qXeD3DbBONfNgCTmHErbKw",
      "updated":1577405941
    },
    "post_url":"https://learningautomatingapis.tumblr.com/post/189889877719/edited-hello-this-is-my-second-post-from",
    "slug":"edited-hello-this-is-my-second-post-from",
    "date":"2019-12-27 00:19:01 GMT",
    "timestamp":1577405941,
    "state":"published",
    "reblog_key":"Ccw9qFe2",
    "tags":[],
    "short_url":"https://tmblr.co/ZJJHvV2msKPRN",
    "summary":"Edited, Hello this is my second post from RestAssured api automation testing!",
    "should_open_in_legacy":false,
    "recommended_source":null,
    "recommended_color":null,
    "followed":false,
    "liked":false,
    "note_count":0,
    "content":[
      {
        "type":"text",
        "text":"Edited, Hello this is my second post from RestAssured api automation testing!"
      }
    ],
    "layout":[],
    "trail":[],
    "can_like":false,
    "can_reblog":true,
    "can_send_in_message":true,
    "muted":false
  }
}
2019-12-26 16:19:03 [main] INFO  TumblrPostandEditTest:264 - After editing, the post's text is: Edited, Hello this is my second post from RestAssured api automation testing!
2019-12-26 16:19:33 [main] INFO  TumblrGetLikesTest:74 - Running GetAllTumblrPostsTest
2019-12-26 16:19:33 [main] INFO  TumblrGetLikesTest:93 - There are 2 total likes.
2019-12-26 16:19:33 [main] INFO  TumblrGetLikesTest:116 - The response string is {
  "meta":{
    "status":200,
    "msg":"OK"
  },
  "response":{
    "liked_posts":[
      {
        "type":"text",
        "blog_name":"moreapiautomationlearning",
        "blog":{
          "name":"moreapiautomationlearning",
          "title":"More API Learning",
          "description":"",
          "url":"https://moreapiautomationlearning.tumblr.com/",
          "uuid":"t:jUdCHrVfzEshDB1YZ9ibww",
          "updated":1572023220
        },
        "id":188586242668,
        "post_url":"https://moreapiautomationlearning.tumblr.com/post/188586242668/second-post",
        "slug":"second-post",
        "date":"2019-10-25 17:07:00 GMT",
        "timestamp":1572023220,
        "state":"published",
        "format":"html",
        "reblog_key":"6GeShjaN",
        "tags":[],
        "short_url":"https://tmblr.co/ZuReuV2ledR9i",
        "summary":"Second Post",
        "should_open_in_legacy":false,
        "recommended_source":null,
        "recommended_color":null,
        "followed":true,
        "liked":true,
        "note_count":1,
        "title":"Second Post",
        "body":"<p>Hey this is my second post<br/></p>",
        "reblog":{
          "comment":"<p>Hey this is my second post<br></p>",
          "tree_html":""
        },
        "trail":[
          {
            "blog":{
              "name":"moreapiautomationlearning",
              "active":true,
              "theme":{
                "avatar_shape":"circle",
                "background_color":"#FAFAFA",
                "body_font":"Helvetica Neue",
                "header_bounds":0,
                "header_image":"https://assets.tumblr.com/images/default_header/optica_pattern_05.png?_v=671444c5f47705cce40d8aefd23df3b1",
                "header_image_focused":"https://assets.tumblr.com/images/default_header/optica_pattern_05.png?_v=671444c5f47705cce40d8aefd23df3b1",
                "header_image_scaled":"https://assets.tumblr.com/images/default_header/optica_pattern_05.png?_v=671444c5f47705cce40d8aefd23df3b1",
                "header_stretch":true,
                "link_color":"#529ECC",
                "show_avatar":true,
                "show_description":true,
                "show_header_image":true,
                "show_title":true,
                "title_color":"#444444",
                "title_font":"Gibson",
                "title_font_weight":"bold"
              },
              "share_likes":true,
              "share_following":true,
              "can_be_followed":true
            },
            "post":{
              "id":"188586242668"
            },
            "content_raw":"<p>Hey this is my second post<br></p>",
            "content":"<p>Hey this is my second post<br /></p>",
            "is_current_item":true,
            "is_root_item":true
          }
        ],
        "liked_timestamp":1572023251,
        "can_like":true,
        "can_reblog":true,
        "can_send_in_message":true,
        "can_reply":true,
        "display_avatar":true
      },
      {
        "type":"text",
        "blog_name":"moreapiautomationlearning",
        "blog":{
          "name":"moreapiautomationlearning",
          "title":"More API Learning",
          "description":"",
          "url":"https://moreapiautomationlearning.tumblr.com/",
          "uuid":"t:jUdCHrVfzEshDB1YZ9ibww",
          "updated":1572023220
        },
        "id":188586175408,
        "post_url":"https://moreapiautomationlearning.tumblr.com/post/188586175408/first-post",
        "slug":"first-post",
        "date":"2019-10-25 17:02:41 GMT",
        "timestamp":1572022961,
        "state":"published",
        "format":"html",
        "reblog_key":"z1Z7WxcW",
        "tags":[],
        "short_url":"https://tmblr.co/ZuReuV2ledAkm",
        "summary":"First Post",
        "should_open_in_legacy":false,
        "recommended_source":null,
        "recommended_color":null,
        "followed":true,
        "liked":true,
        "note_count":2,
        "title":"First Post",
        "body":"<p>Hey this is my first post<br/></p>",
        "reblog":{
          "comment":"<p>Hey this is my first post<br></p>",
          "tree_html":""
        },
        "trail":[
          {
            "blog":{
              "name":"moreapiautomationlearning",
              "active":true,
              "theme":{
                "avatar_shape":"circle",
                "background_color":"#FAFAFA",
                "body_font":"Helvetica Neue",
                "header_bounds":0,
                "header_image":"https://assets.tumblr.com/images/default_header/optica_pattern_05.png?_v=671444c5f47705cce40d8aefd23df3b1",
                "header_image_focused":"https://assets.tumblr.com/images/default_header/optica_pattern_05.png?_v=671444c5f47705cce40d8aefd23df3b1",
                "header_image_scaled":"https://assets.tumblr.com/images/default_header/optica_pattern_05.png?_v=671444c5f47705cce40d8aefd23df3b1",
                "header_stretch":true,
                "link_color":"#529ECC",
                "show_avatar":true,
                "show_description":true,
                "show_header_image":true,
                "show_title":true,
                "title_color":"#444444",
                "title_font":"Gibson",
                "title_font_weight":"bold"
              },
              "share_likes":true,
              "share_following":true,
              "can_be_followed":true
            },
            "post":{
              "id":"188586175408"
            },
            "content_raw":"<p>Hey this is my first post<br></p>",
            "content":"<p>Hey this is my first post<br /></p>",
            "is_current_item":true,
            "is_root_item":true
          }
        ],
        "liked_timestamp":1572023250,
        "can_like":true,
        "can_reblog":true,
        "can_send_in_message":true,
        "can_reply":true,
        "display_avatar":true
      }
    ],
    "liked_count":2,
    "_links":{
      "next":{
        "href":"/v2/blog/learningautomatingapis/likes/?before=1572023250",
        "method":"POST",
        "query_params":{
          "before":"1572023250"
        }
      },
      "prev":{
        "href":"/v2/blog/learningautomatingapis/likes/?after=1572023251",
        "method":"POST",
        "query_params":{
          "after":"1572023251"
        }
      }
    }
  }
}
2019-12-26 16:19:58 [main] INFO  TumblrPostandDeleteTest:89 - Running TumblrPostTest
2019-12-26 16:19:59 [main] INFO  TumblrPostandDeleteTest:121 - The body response is {
  "meta":{
    "status":201,
    "msg":"Created"
  },
  "response":{
    "id":"189889890464",
    "state":"published",
    "display_text":"Posted to learningautomatingapis"
  }
}
2019-12-26 16:19:59 [main] INFO  TumblrPostandDeleteTest:125 - The post id is189889890464
2019-12-26 16:19:59 [main] INFO  TumblrPostandDeleteTest:140 - Running verifyTumblrPostTest
2019-12-26 16:19:59 [main] INFO  TumblrPostandDeleteTest:161 - The body response is {
  "meta":{
    "status":200,
    "msg":"OK"
  },
  "response":{
    "object_type":"post",
    "type":"blocks",
    "id":189889890464,
    "tumblelog_uuid":"t:qXeD3DbBONfNgCTmHErbKw",
    "blog_name":"learningautomatingapis",
    "blog":{
      "name":"learningautomatingapis",
      "title":"API Learning",
      "description":"",
      "url":"https://learningautomatingapis.tumblr.com/",
      "uuid":"t:qXeD3DbBONfNgCTmHErbKw",
      "updated":1577405999
    },
    "post_url":"https://learningautomatingapis.tumblr.com/post/189889890464/hello-this-post-will-be-deleted-via-restassured",
    "slug":"hello-this-post-will-be-deleted-via-restassured",
    "date":"2019-12-27 00:19:59 GMT",
    "timestamp":1577405999,
    "state":"published",
    "reblog_key":"rNBH0CSw",
    "tags":[],
    "short_url":"https://tmblr.co/ZJJHvV2msKSYW",
    "summary":"Hello this post will be deleted via RestAssured api automation testing!",
    "should_open_in_legacy":false,
    "recommended_source":null,
    "recommended_color":null,
    "followed":false,
    "liked":false,
    "note_count":0,
    "content":[
      {
        "type":"text",
        "text":"Hello this post will be deleted via RestAssured api automation testing!"
      }
    ],
    "layout":[],
    "trail":[],
    "can_like":false,
    "can_reblog":true,
    "can_send_in_message":true,
    "muted":false
  }
}
2019-12-26 16:19:59 [main] INFO  TumblrPostandDeleteTest:169 - The post's text is: Hello this post will be deleted via RestAssured api automation testing!
2019-12-26 16:19:59 [main] INFO  TumblrPostandDeleteTest:186 - Running DeleteTumblrPostTest
2019-12-26 16:19:59 [main] INFO  TumblrPostandDeleteTest:206 - The body response is {
  "meta":{
    "status":200,
    "msg":"OK"
  },
  "response":{
    "id":189889890464
  }
}
2019-12-26 16:19:59 [main] INFO  TumblrPostandDeleteTest:224 - Running verifyDeleteTumblrPostTest
2019-12-26 16:20:00 [main] INFO  TumblrPostandDeleteTest:244 - The body response is {
  "meta":{
    "status":404,
    "msg":"Not Found"
  },
  "response":[],
  "errors":[
    {
      "title":"Not Found",
      "code":8007,
      "detail":"Looks like something went wrong. Please try again."
    }
  ]
}
2019-12-26 16:20:20 [main] INFO  TumblrGetFollowingTest:72 - Running GetAllTumblrPostsTest
2019-12-26 16:20:20 [main] INFO  TumblrGetFollowingTest:90 - There are 2 blogs you are following.
2019-12-26 16:20:20 [main] INFO  TumblrGetFollowingTest:105 - Verified you are following: moreapiautomationlearning and staff.
2019-12-26 16:20:20 [main] INFO  TumblrGetFollowingTest:108 - The response string is {
  "meta":{
    "status":200,
    "msg":"OK"
  },
  "response":{
    "blogs":[
      {
        "name":"moreapiautomationlearning",
        "title":"More API Learning",
        "description":"",
        "url":"https://moreapiautomationlearning.tumblr.com/",
        "uuid":"t:jUdCHrVfzEshDB1YZ9ibww",
        "updated":1572023220
      },
      {
        "name":"staff",
        "title":"Tumblr Staff",
        "description":"",
        "url":"https://staff.tumblr.com/",
        "uuid":"t:0aY0xL2Fi1OFJg4YxpmegQ",
        "updated":1576782408
      }
    ],
    "total_blogs":2,
    "_links":{
      "next":{
        "href":"/v2/blog/learningautomatingapis/following?offset=20",
        "method":"POST",
        "query_params":{
          "offset":"20"
        }
      }
    }
  }
}
2019-12-26 16:20:35 [main] INFO  TumblrGetFollowersTest:72 - Running GetAllTumblrPostsTest
2019-12-26 16:20:35 [main] INFO  TumblrGetFollowersTest:90 - There are 2 followers.
2019-12-26 16:20:35 [main] INFO  TumblrGetFollowersTest:104 - Verified followers: moreapiautomationlearning and cheezbot.
2019-12-26 16:20:35 [main] INFO  TumblrGetFollowersTest:107 - The response string is {
  "meta":{
    "status":200,
    "msg":"OK"
  },
  "response":{
    "total_users":2,
    "users":[
      {
        "name":"moreapiautomationlearning",
        "url":"https://moreapiautomationlearning.tumblr.com/",
        "updated":1572023220,
        "following":true
      },
      {
        "name":"cheezbot",
        "url":"https://cheezbot.tumblr.com/",
        "updated":1577356448,
        "following":false
      }
    ],
    "_links":{
      "next":{
        "href":"/v2/blog/learningautomatingapis/followers?offset=20",
        "method":"POST",
        "query_params":{
          "offset":"20"
        }
      }
    }
  }
}
2019-12-26 16:20:45 [main] INFO  TumblrGetAllPostsTest:78 - Running GetAllTumblrPostsTest
2019-12-26 16:20:46 [main] INFO  TumblrGetAllPostsTest:98 - There are 5 posts.
2019-12-26 16:20:46 [main] INFO  TumblrGetAllPostsTest:103 - The first post id is 188550063614
2019-12-26 16:20:46 [main] INFO  TumblrGetAllPostsTest:106 - The first post contains the following text: Edited, Hello this is my first post from postman!
2019-12-26 16:20:46 [main] INFO  TumblrGetAllPostsTest:111 - The response is {
  "meta":{
    "status":200,
    "msg":"OK"
  },
  "response":{
    "blog":{
      "admin":true,
      "ask":false,
      "ask_anon":false,
      "ask_page_title":"Ask me anything",
      "can_chat":true,
      "can_send_fan_mail":true,
      "can_subscribe":false,
      "description":"",
      "drafts":0,
      "facebook":"N",
      "facebook_opengraph_enabled":"N",
      "followed":false,
      "followers":2,
      "is_blocked_from_primary":false,
      "is_nsfw":false,
      "likes":2,
      "messages":0,
      "name":"learningautomatingapis",
      "posts":5,
      "primary":true,
      "queue":0,
      "share_likes":true,
      "subscribed":false,
      "title":"API Learning",
      "total_posts":5,
      "tweet":"N",
      "twitter_enabled":false,
      "twitter_send":false,
      "type":"public",
      "updated":1577405999,
      "url":"https://learningautomatingapis.tumblr.com/",
      "uuid":"t:qXeD3DbBONfNgCTmHErbKw",
      "is_optout_ads":false
    },
    "posts":[
      {
        "type":"text",
        "blog_name":"learningautomatingapis",
        "blog":{
          "name":"learningautomatingapis",
          "title":"API Learning",
          "description":"",
          "url":"https://learningautomatingapis.tumblr.com/",
          "uuid":"t:qXeD3DbBONfNgCTmHErbKw",
          "updated":1577405999
        },
        "id":189889877719,
        "post_url":"https://learningautomatingapis.tumblr.com/post/189889877719/edited-hello-this-is-my-second-post-from",
        "slug":"edited-hello-this-is-my-second-post-from",
        "date":"2019-12-27 00:19:01 GMT",
        "timestamp":1577405941,
        "state":"published",
        "format":"html",
        "reblog_key":"Ccw9qFe2",
        "tags":[],
        "short_url":"https://tmblr.co/ZJJHvV2msKPRN",
        "summary":"Edited, Hello this is my second post from RestAssured api automation testing!",
        "should_open_in_legacy":false,
        "recommended_source":null,
        "recommended_color":null,
        "followed":false,
        "liked":false,
        "note_count":0,
        "title":"",
        "body":"<p>Edited, Hello this is my second post from RestAssured api automation testing!</p>",
        "reblog":{
          "comment":"<p>Edited, Hello this is my second post from RestAssured api automation testing!</p>",
          "tree_html":""
        },
        "trail":[
          {
            "blog":{
              "name":"learningautomatingapis",
              "active":true,
              "theme":{
                "avatar_shape":"circle",
                "background_color":"#FAFAFA",
                "body_font":"Helvetica Neue",
                "header_bounds":0,
                "header_image":"https://assets.tumblr.com/images/default_header/optica_pattern_02.png?_v=b976ee00195b1b7806c94ae285ca46a7",
                "header_image_focused":"https://assets.tumblr.com/images/default_header/optica_pattern_02.png?_v=b976ee00195b1b7806c94ae285ca46a7",
                "header_image_scaled":"https://assets.tumblr.com/images/default_header/optica_pattern_02.png?_v=b976ee00195b1b7806c94ae285ca46a7",
                "header_stretch":true,
                "link_color":"#529ECC",
                "show_avatar":true,
                "show_description":true,
                "show_header_image":true,
                "show_title":true,
                "title_color":"#444444",
                "title_font":"Gibson",
                "title_font_weight":"bold"
              },
              "share_likes":true,
              "share_following":true,
              "can_be_followed":false
            },
            "post":{
              "id":189889877719
            },
            "content_raw":"<p>Edited, Hello this is my second post from RestAssured api automation testing!</p>",
            "content":"<p>Edited, Hello this is my second post from RestAssured api automation testing!</p>",
            "is_current_item":true,
            "is_root_item":true
          }
        ],
        "can_like":false,
        "can_reblog":true,
        "can_send_in_message":true,
        "muted":false,
        "can_reply":true,
        "display_avatar":true
      },
      {
        "type":"text",
        "blog_name":"learningautomatingapis",
        "blog":{
          "name":"learningautomatingapis",
          "title":"API Learning",
          "description":"",
          "url":"https://learningautomatingapis.tumblr.com/",
          "uuid":"t:qXeD3DbBONfNgCTmHErbKw",
          "updated":1577405999
        },
        "id":189889736599,
        "post_url":"https://learningautomatingapis.tumblr.com/post/189889736599/edited-hello-this-is-my-second-post-from",
        "slug":"edited-hello-this-is-my-second-post-from",
        "date":"2019-12-27 00:09:46 GMT",
        "timestamp":1577405386,
        "state":"published",
        "format":"html",
        "reblog_key":"0ZbMNuKh",
        "tags":[],
        "short_url":"https://tmblr.co/ZJJHvV2msJs_N",
        "summary":"Edited, Hello this is my second post from RestAssured api automation testing!",
        "should_open_in_legacy":false,
        "recommended_source":null,
        "recommended_color":null,
        "followed":false,
        "liked":false,
        "note_count":0,
        "title":"",
        "body":"<p>Edited, Hello this is my second post from RestAssured api automation testing!</p>",
        "reblog":{
          "comment":"<p>Edited, Hello this is my second post from RestAssured api automation testing!</p>",
          "tree_html":""
        },
        "trail":[
          {
            "blog":{
              "name":"learningautomatingapis",
              "active":true,
              "theme":{
                "avatar_shape":"circle",
                "background_color":"#FAFAFA",
                "body_font":"Helvetica Neue",
                "header_bounds":0,
                "header_image":"https://assets.tumblr.com/images/default_header/optica_pattern_02.png?_v=b976ee00195b1b7806c94ae285ca46a7",
                "header_image_focused":"https://assets.tumblr.com/images/default_header/optica_pattern_02.png?_v=b976ee00195b1b7806c94ae285ca46a7",
                "header_image_scaled":"https://assets.tumblr.com/images/default_header/optica_pattern_02.png?_v=b976ee00195b1b7806c94ae285ca46a7",
                "header_stretch":true,
                "link_color":"#529ECC",
                "show_avatar":true,
                "show_description":true,
                "show_header_image":true,
                "show_title":true,
                "title_color":"#444444",
                "title_font":"Gibson",
                "title_font_weight":"bold"
              },
              "share_likes":true,
              "share_following":true,
              "can_be_followed":false
            },
            "post":{
              "id":189889736599
            },
            "content_raw":"<p>Edited, Hello this is my second post from RestAssured api automation testing!</p>",
            "content":"<p>Edited, Hello this is my second post from RestAssured api automation testing!</p>",
            "is_current_item":true,
            "is_root_item":true
          }
        ],
        "can_like":false,
        "can_reblog":true,
        "can_send_in_message":true,
        "muted":false,
        "can_reply":true,
        "display_avatar":true
      },
      {
        "type":"text",
        "blog_name":"learningautomatingapis",
        "blog":{
          "name":"learningautomatingapis",
          "title":"API Learning",
          "description":"",
          "url":"https://learningautomatingapis.tumblr.com/",
          "uuid":"t:qXeD3DbBONfNgCTmHErbKw",
          "updated":1577405999
        },
        "id":189889679114,
        "post_url":"https://learningautomatingapis.tumblr.com/post/189889679114/edited-hello-this-is-my-second-post-from",
        "slug":"edited-hello-this-is-my-second-post-from",
        "date":"2019-12-27 00:05:48 GMT",
        "timestamp":1577405148,
        "state":"published",
        "format":"html",
        "reblog_key":"I71tf9Ba",
        "tags":[],
        "short_url":"https://tmblr.co/ZJJHvV2msJeyA",
        "summary":"Edited, Hello this is my second post from RestAssured api automation testing!",
        "should_open_in_legacy":false,
        "recommended_source":null,
        "recommended_color":null,
        "followed":false,
        "liked":false,
        "note_count":0,
        "title":"",
        "body":"<p>Edited, Hello this is my second post from RestAssured api automation testing!</p>",
        "reblog":{
          "comment":"<p>Edited, Hello this is my second post from RestAssured api automation testing!</p>",
          "tree_html":""
        },
        "trail":[
          {
            "blog":{
              "name":"learningautomatingapis",
              "active":true,
              "theme":{
                "avatar_shape":"circle",
                "background_color":"#FAFAFA",
                "body_font":"Helvetica Neue",
                "header_bounds":0,
                "header_image":"https://assets.tumblr.com/images/default_header/optica_pattern_02.png?_v=b976ee00195b1b7806c94ae285ca46a7",
                "header_image_focused":"https://assets.tumblr.com/images/default_header/optica_pattern_02.png?_v=b976ee00195b1b7806c94ae285ca46a7",
                "header_image_scaled":"https://assets.tumblr.com/images/default_header/optica_pattern_02.png?_v=b976ee00195b1b7806c94ae285ca46a7",
                "header_stretch":true,
                "link_color":"#529ECC",
                "show_avatar":true,
                "show_description":true,
                "show_header_image":true,
                "show_title":true,
                "title_color":"#444444",
                "title_font":"Gibson",
                "title_font_weight":"bold"
              },
              "share_likes":true,
              "share_following":true,
              "can_be_followed":false
            },
            "post":{
              "id":189889679114
            },
            "content_raw":"<p>Edited, Hello this is my second post from RestAssured api automation testing!</p>",
            "content":"<p>Edited, Hello this is my second post from RestAssured api automation testing!</p>",
            "is_current_item":true,
            "is_root_item":true
          }
        ],
        "can_like":false,
        "can_reblog":true,
        "can_send_in_message":true,
        "muted":false,
        "can_reply":true,
        "display_avatar":true
      },
      {
        "type":"text",
        "blog_name":"learningautomatingapis",
        "blog":{
          "name":"learningautomatingapis",
          "title":"API Learning",
          "description":"",
          "url":"https://learningautomatingapis.tumblr.com/",
          "uuid":"t:qXeD3DbBONfNgCTmHErbKw",
          "updated":1577405999
        },
        "id":188573463554,
        "post_url":"https://learningautomatingapis.tumblr.com/post/188573463554/hello-this-is-my-first-post-from-restassured-api",
        "slug":"hello-this-is-my-first-post-from-restassured-api",
        "date":"2019-10-25 01:41:09 GMT",
        "timestamp":1571967669,
        "state":"published",
        "format":"html",
        "reblog_key":"ahSTntdM",
        "tags":[],
        "short_url":"https://tmblr.co/ZJJHvV2ldshG2",
        "summary":"Hello this is my first post from RestAssured api automation testing!",
        "should_open_in_legacy":false,
        "recommended_source":null,
        "recommended_color":null,
        "followed":false,
        "liked":false,
        "note_count":1,
        "title":null,
        "body":"<p>Hello this is my first post from RestAssured api automation testing!</p>",
        "reblog":{
          "comment":"<p>Hello this is my first post from RestAssured api automation testing!</p>",
          "tree_html":""
        },
        "trail":[
          {
            "blog":{
              "name":"learningautomatingapis",
              "active":true,
              "theme":{
                "avatar_shape":"circle",
                "background_color":"#FAFAFA",
                "body_font":"Helvetica Neue",
                "header_bounds":0,
                "header_image":"https://assets.tumblr.com/images/default_header/optica_pattern_02.png?_v=b976ee00195b1b7806c94ae285ca46a7",
                "header_image_focused":"https://assets.tumblr.com/images/default_header/optica_pattern_02.png?_v=b976ee00195b1b7806c94ae285ca46a7",
                "header_image_scaled":"https://assets.tumblr.com/images/default_header/optica_pattern_02.png?_v=b976ee00195b1b7806c94ae285ca46a7",
                "header_stretch":true,
                "link_color":"#529ECC",
                "show_avatar":true,
                "show_description":true,
                "show_header_image":true,
                "show_title":true,
                "title_color":"#444444",
                "title_font":"Gibson",
                "title_font_weight":"bold"
              },
              "share_likes":true,
              "share_following":true,
              "can_be_followed":false
            },
            "post":{
              "id":"188573463554"
            },
            "content_raw":"<p>Hello this is my first post from RestAssured api automation testing!</p>",
            "content":"<p>Hello this is my first post from RestAssured api automation testing!</p>",
            "is_current_item":true,
            "is_root_item":true
          }
        ],
        "can_like":false,
        "can_reblog":true,
        "can_send_in_message":true,
        "muted":false,
        "can_reply":true,
        "display_avatar":true
      },
      {
        "type":"text",
        "blog_name":"learningautomatingapis",
        "blog":{
          "name":"learningautomatingapis",
          "title":"API Learning",
          "description":"",
          "url":"https://learningautomatingapis.tumblr.com/",
          "uuid":"t:qXeD3DbBONfNgCTmHErbKw",
          "updated":1577405999
        },
        "id":188550063614,
        "post_url":"https://learningautomatingapis.tumblr.com/post/188550063614/edited-hello-this-is-my-first-post-from-postman",
        "slug":"edited-hello-this-is-my-first-post-from-postman",
        "date":"2019-10-24 00:22:56 GMT",
        "timestamp":1571876576,
        "state":"published",
        "format":"html",
        "reblog_key":"CKpSsaju",
        "tags":[],
        "short_url":"https://tmblr.co/ZJJHvV2lcTQN_",
        "summary":"Edited, Hello this is my first post from postman!",
        "should_open_in_legacy":false,
        "recommended_source":null,
        "recommended_color":null,
        "followed":false,
        "liked":false,
        "note_count":2,
        "title":"",
        "body":"<p>Edited, Hello this is my first post from postman!</p>",
        "reblog":{
          "comment":"<p>Edited, Hello this is my first post from postman!</p>",
          "tree_html":""
        },
        "trail":[
          {
            "blog":{
              "name":"learningautomatingapis",
              "active":true,
              "theme":{
                "avatar_shape":"circle",
                "background_color":"#FAFAFA",
                "body_font":"Helvetica Neue",
                "header_bounds":0,
                "header_image":"https://assets.tumblr.com/images/default_header/optica_pattern_02.png?_v=b976ee00195b1b7806c94ae285ca46a7",
                "header_image_focused":"https://assets.tumblr.com/images/default_header/optica_pattern_02.png?_v=b976ee00195b1b7806c94ae285ca46a7",
                "header_image_scaled":"https://assets.tumblr.com/images/default_header/optica_pattern_02.png?_v=b976ee00195b1b7806c94ae285ca46a7",
                "header_stretch":true,
                "link_color":"#529ECC",
                "show_avatar":true,
                "show_description":true,
                "show_header_image":true,
                "show_title":true,
                "title_color":"#444444",
                "title_font":"Gibson",
                "title_font_weight":"bold"
              },
              "share_likes":true,
              "share_following":true,
              "can_be_followed":false
            },
            "post":{
              "id":"188550063614"
            },
            "content_raw":"<p>Edited, Hello this is my first post from postman!</p>",
            "content":"<p>Edited, Hello this is my first post from postman!</p>",
            "is_current_item":true,
            "is_root_item":true
          }
        ],
        "can_like":false,
        "can_reblog":true,
        "can_send_in_message":true,
        "muted":false,
        "can_reply":true,
        "display_avatar":true
      }
    ],
    "total_posts":5,
    "_links":{
      "next":{
        "href":"/v2/blog/learningautomatingapis/posts/text?type=text&offset=20&page_number=2",
        "method":"POST",
        "query_params":{
          "type":"text",
          "offset":"20",
          "page_number":"2"
        }
      }
    }
  }
}
